This is pdfTeX, Version 3.14159265-2.6-1.40.20 (TeX Live 2019) (preloaded format=pdflatex 2019.8.30)  14 OCT 2020 05:47
entering extended mode
 restricted \write18 enabled.
 %&-line parsing enabled.
**part2.tex
(./part2.tex
LaTeX2e <2018-12-01>
(/Users/sahil_lalwani/Library/TinyTeX/texmf-dist/tex/latex/base/article.cls
Document Class: article 2018/09/03 v1.4i Standard LaTeX document class
(/Users/sahil_lalwani/Library/TinyTeX/texmf-dist/tex/latex/base/size10.clo
File: size10.clo 2018/09/03 v1.4i Standard LaTeX file (size option)
)
\c@part=\count80
\c@section=\count81
\c@subsection=\count82
\c@subsubsection=\count83
\c@paragraph=\count84
\c@subparagraph=\count85
\c@figure=\count86
\c@table=\count87
\abovecaptionskip=\skip41
\belowcaptionskip=\skip42
\bibindent=\dimen102
)
(/Users/sahil_lalwani/Library/TinyTeX/texmf-dist/tex/latex/amsmath/amsmath.sty
Package: amsmath 2018/12/01 v2.17b AMS math features
\@mathmargin=\skip43

For additional information on amsmath, use the `?' option.
(/Users/sahil_lalwani/Library/TinyTeX/texmf-dist/tex/latex/amsmath/amstext.sty
Package: amstext 2000/06/29 v2.01 AMS text

(/Users/sahil_lalwani/Library/TinyTeX/texmf-dist/tex/latex/amsmath/amsgen.sty
File: amsgen.sty 1999/11/30 v2.0 generic functions
\@emptytoks=\toks14
\ex@=\dimen103
)) (/Users/sahil_lalwani/Library/TinyTeX/texmf-dist/tex/latex/amsmath/amsbsy.st
y
Package: amsbsy 1999/11/29 v1.2d Bold Symbols
\pmbraise@=\dimen104
) (/Users/sahil_lalwani/Library/TinyTeX/texmf-dist/tex/latex/amsmath/amsopn.sty
Package: amsopn 2016/03/08 v2.02 operator names
)
\inf@bad=\count88
LaTeX Info: Redefining \frac on input line 223.
\uproot@=\count89
\leftroot@=\count90
LaTeX Info: Redefining \overline on input line 385.
\classnum@=\count91
\DOTSCASE@=\count92
LaTeX Info: Redefining \ldots on input line 482.
LaTeX Info: Redefining \dots on input line 485.
LaTeX Info: Redefining \cdots on input line 606.
\Mathstrutbox@=\box27
\strutbox@=\box28
\big@size=\dimen105
LaTeX Font Info:    Redeclaring font encoding OML on input line 729.
LaTeX Font Info:    Redeclaring font encoding OMS on input line 730.
\macc@depth=\count93
\c@MaxMatrixCols=\count94
\dotsspace@=\muskip10
\c@parentequation=\count95
\dspbrk@lvl=\count96
\tag@help=\toks15
\row@=\count97
\column@=\count98
\maxfields@=\count99
\andhelp@=\toks16
\eqnshift@=\dimen106
\alignsep@=\dimen107
\tagshift@=\dimen108
\tagwidth@=\dimen109
\totwidth@=\dimen110
\lineht@=\dimen111
\@envbody=\toks17
\multlinegap=\skip44
\multlinetaggap=\skip45
\mathdisplay@stack=\toks18
LaTeX Info: Redefining \[ on input line 2844.
LaTeX Info: Redefining \] on input line 2845.
)
(/Users/sahil_lalwani/Library/TinyTeX/texmf-dist/tex/latex/amsfonts/amsfonts.st
y
Package: amsfonts 2013/01/14 v3.01 Basic AMSFonts support
\symAMSa=\mathgroup4
\symAMSb=\mathgroup5
LaTeX Font Info:    Overwriting math alphabet `\mathfrak' in version `bold'
(Font)                  U/euf/m/n --> U/euf/b/n on input line 106.
) (./lineno.sty
Package: lineno 2005/11/02 line numbers on paragraphs v4.41
\linenopenalty=\count100
\output=\toks19
\linenoprevgraf=\count101
\linenumbersep=\dimen112
\linenumberwidth=\dimen113
\c@linenumber=\count102
\c@pagewiselinenumber=\count103
\c@LN@truepage=\count104
\c@internallinenumber=\count105
\c@internallinenumbers=\count106
\quotelinenumbersep=\dimen114
\bframerule=\dimen115
\bframesep=\dimen116
\bframebox=\box29
LaTeX Info: Redefining \\ on input line 3056.
)
(/Users/sahil_lalwani/Library/TinyTeX/texmf-dist/tex/latex/geometry/geometry.st
y
Package: geometry 2018/04/16 v5.8 Page Geometry

(/Users/sahil_lalwani/Library/TinyTeX/texmf-dist/tex/latex/graphics/keyval.sty
Package: keyval 2014/10/28 v1.15 key=value parser (DPC)
\KV@toks@=\toks20
)
(/Users/sahil_lalwani/Library/TinyTeX/texmf-dist/tex/generic/oberdiek/ifpdf.sty
Package: ifpdf 2018/09/07 v3.3 Provides the ifpdf switch
)
(/Users/sahil_lalwani/Library/TinyTeX/texmf-dist/tex/generic/oberdiek/ifvtex.st
y
Package: ifvtex 2016/05/16 v1.6 Detect VTeX and its facilities (HO)
Package ifvtex Info: VTeX not detected.
)
(/Users/sahil_lalwani/Library/TinyTeX/texmf-dist/tex/generic/ifxetex/ifxetex.st
y
Package: ifxetex 2010/09/12 v0.6 Provides ifxetex conditional
)
\Gm@cnth=\count107
\Gm@cntv=\count108
\c@Gm@tempcnt=\count109
\Gm@bindingoffset=\dimen117
\Gm@wd@mp=\dimen118
\Gm@odd@mp=\dimen119
\Gm@even@mp=\dimen120
\Gm@layoutwidth=\dimen121
\Gm@layoutheight=\dimen122
\Gm@layouthoffset=\dimen123
\Gm@layoutvoffset=\dimen124
\Gm@dimlist=\toks21
) (/Users/sahil_lalwani/Library/TinyTeX/texmf-dist/tex/latex/float/float.sty
Package: float 2001/11/08 v1.3d Float enhancements (AL)
\c@float@type=\count110
\float@exts=\toks22
\float@box=\box30
\@float@everytoks=\toks23
\@floatcapt=\box31
) (./slashbox.sty
slashbox style by K.Yasuoka, May 1993.
\@slashboxa=\box32
\@slashboxb=\box33
\@slashboxc=\box34
\@slashboxwd=\count111
\@slashboxht=\count112
\@slashsepl=\dimen125
\@slashsepr=\dimen126
)
(/Users/sahil_lalwani/Library/TinyTeX/texmf-dist/tex/latex/graphics/graphicx.st
y
Package: graphicx 2017/06/01 v1.1a Enhanced LaTeX Graphics (DPC,SPQR)

(/Users/sahil_lalwani/Library/TinyTeX/texmf-dist/tex/latex/graphics/graphics.st
y
Package: graphics 2017/06/25 v1.2c Standard LaTeX Graphics (DPC,SPQR)
 (/Users/sahil_lalwani/Library/TinyTeX/texmf-dist/tex/latex/graphics/trig.sty
Package: trig 2016/01/03 v1.10 sin cos tan (DPC)
)
(/Users/sahil_lalwani/Library/TinyTeX/texmf-dist/tex/latex/graphics-cfg/graphic
s.cfg
File: graphics.cfg 2016/06/04 v1.11 sample graphics configuration
)
Package graphics Info: Driver file: pdftex.def on input line 99.

(/Users/sahil_lalwani/Library/TinyTeX/texmf-dist/tex/latex/graphics-def/pdftex.
def
File: pdftex.def 2018/01/08 v1.0l Graphics/color driver for pdftex
))
\Gin@req@height=\dimen127
\Gin@req@width=\dimen128
)
(/Users/sahil_lalwani/Library/TinyTeX/texmf-dist/tex/latex/tools/multicol.sty
Package: multicol 2018/12/27 v1.8v multicolumn formatting (FMi)
\c@tracingmulticols=\count113
\mult@box=\box35
\multicol@leftmargin=\dimen129
\c@unbalance=\count114
\c@collectmore=\count115
\doublecol@number=\count116
\multicoltolerance=\count117
\multicolpretolerance=\count118
\full@width=\dimen130
\page@free=\dimen131
\premulticols=\dimen132
\postmulticols=\dimen133
\multicolsep=\skip46
\multicolbaselineskip=\skip47
\partial@page=\box36
\last@line=\box37
\maxbalancingoverflow=\dimen134
\mult@rightbox=\box38
\mult@grightbox=\box39
\mult@gfirstbox=\box40
\mult@firstbox=\box41
\@tempa=\box42
\@tempa=\box43
\@tempa=\box44
\@tempa=\box45
\@tempa=\box46
\@tempa=\box47
\@tempa=\box48
\@tempa=\box49
\@tempa=\box50
\@tempa=\box51
\@tempa=\box52
\@tempa=\box53
\@tempa=\box54
\@tempa=\box55
\@tempa=\box56
\@tempa=\box57
\@tempa=\box58
\c@columnbadness=\count119
\c@finalcolumnbadness=\count120
\last@try=\dimen135
\multicolovershoot=\dimen136
\multicolundershoot=\dimen137
\mult@nat@firstbox=\box59
\colbreak@box=\box60
\mc@col@check@num=\count121
)
(/Users/sahil_lalwani/Library/TinyTeX/texmf-dist/tex/latex/natbib/natbib.sty
Package: natbib 2010/09/13 8.31b (PWD, AO)
\bibhang=\skip48
\bibsep=\skip49
LaTeX Info: Redefining \cite on input line 694.
\c@NAT@ctr=\count122
)
(/Library/Frameworks/R.framework/Resources/share/texmf/tex/latex/Sweave.sty
Package: Sweave 

(/Users/sahil_lalwani/Library/TinyTeX/texmf-dist/tex/latex/base/ifthen.sty
Package: ifthen 2014/09/29 v1.1c Standard LaTeX ifthen package (DPC)
)
(/Users/sahil_lalwani/Library/TinyTeX/texmf-dist/tex/latex/fancyvrb/fancyvrb.st
y
Package: fancyvrb 2019/01/15
 Style option: `fancyvrb' v3.2a <2019/01/15> (tvz)
\FV@CodeLineNo=\count123
\FV@InFile=\read1
\FV@TabBox=\box61
\c@FancyVerbLine=\count124
\FV@StepNumber=\count125
\FV@OutFile=\write3
)
(/Users/sahil_lalwani/Library/TinyTeX/texmf-dist/tex/latex/base/textcomp.sty
Package: textcomp 2018/08/11 v2.0j Standard LaTeX package
Package textcomp Info: Sub-encoding information:
(textcomp)               5 = only ISO-Adobe without \textcurrency
(textcomp)               4 = 5 + \texteuro
(textcomp)               3 = 4 + \textohm
(textcomp)               2 = 3 + \textestimated + \textcurrency
(textcomp)               1 = TS1 - \textcircled - \t
(textcomp)               0 = TS1 (full)
(textcomp)             Font families with sub-encoding setting implement
(textcomp)             only a restricted character set as indicated.
(textcomp)             Family '?' is the default used for unknown fonts.
(textcomp)             See the documentation for details.
Package textcomp Info: Setting ? sub-encoding to TS1/1 on input line 79.

(/Users/sahil_lalwani/Library/TinyTeX/texmf-dist/tex/latex/base/ts1enc.def
File: ts1enc.def 2001/06/05 v3.0e (jk/car/fm) Standard LaTeX file
Now handling font encoding TS1 ...
... processing UTF-8 mapping file for font encoding TS1

(/Users/sahil_lalwani/Library/TinyTeX/texmf-dist/tex/latex/base/ts1enc.dfu
File: ts1enc.dfu 2018/10/05 v1.2f UTF-8 support for inputenc
   defining Unicode char U+00A2 (decimal 162)
   defining Unicode char U+00A3 (decimal 163)
   defining Unicode char U+00A4 (decimal 164)
   defining Unicode char U+00A5 (decimal 165)
   defining Unicode char U+00A6 (decimal 166)
   defining Unicode char U+00A7 (decimal 167)
   defining Unicode char U+00A8 (decimal 168)
   defining Unicode char U+00A9 (decimal 169)
   defining Unicode char U+00AA (decimal 170)
   defining Unicode char U+00AC (decimal 172)
   defining Unicode char U+00AE (decimal 174)
   defining Unicode char U+00AF (decimal 175)
   defining Unicode char U+00B0 (decimal 176)
   defining Unicode char U+00B1 (decimal 177)
   defining Unicode char U+00B2 (decimal 178)
   defining Unicode char U+00B3 (decimal 179)
   defining Unicode char U+00B4 (decimal 180)
   defining Unicode char U+00B5 (decimal 181)
   defining Unicode char U+00B6 (decimal 182)
   defining Unicode char U+00B7 (decimal 183)
   defining Unicode char U+00B9 (decimal 185)
   defining Unicode char U+00BA (decimal 186)
   defining Unicode char U+00BC (decimal 188)
   defining Unicode char U+00BD (decimal 189)
   defining Unicode char U+00BE (decimal 190)
   defining Unicode char U+00D7 (decimal 215)
   defining Unicode char U+00F7 (decimal 247)
   defining Unicode char U+0192 (decimal 402)
   defining Unicode char U+02C7 (decimal 711)
   defining Unicode char U+02D8 (decimal 728)
   defining Unicode char U+02DD (decimal 733)
   defining Unicode char U+0E3F (decimal 3647)
   defining Unicode char U+2016 (decimal 8214)
   defining Unicode char U+2020 (decimal 8224)
   defining Unicode char U+2021 (decimal 8225)
   defining Unicode char U+2022 (decimal 8226)
   defining Unicode char U+2030 (decimal 8240)
   defining Unicode char U+2031 (decimal 8241)
   defining Unicode char U+203B (decimal 8251)
   defining Unicode char U+203D (decimal 8253)
   defining Unicode char U+2044 (decimal 8260)
   defining Unicode char U+204E (decimal 8270)
   defining Unicode char U+2052 (decimal 8274)
   defining Unicode char U+20A1 (decimal 8353)
   defining Unicode char U+20A4 (decimal 8356)
   defining Unicode char U+20A6 (decimal 8358)
   defining Unicode char U+20A9 (decimal 8361)
   defining Unicode char U+20AB (decimal 8363)
   defining Unicode char U+20AC (decimal 8364)
   defining Unicode char U+20B1 (decimal 8369)
   defining Unicode char U+2103 (decimal 8451)
   defining Unicode char U+2116 (decimal 8470)
   defining Unicode char U+2117 (decimal 8471)
   defining Unicode char U+211E (decimal 8478)
   defining Unicode char U+2120 (decimal 8480)
   defining Unicode char U+2122 (decimal 8482)
   defining Unicode char U+2126 (decimal 8486)
   defining Unicode char U+2127 (decimal 8487)
   defining Unicode char U+212E (decimal 8494)
   defining Unicode char U+2190 (decimal 8592)
   defining Unicode char U+2191 (decimal 8593)
   defining Unicode char U+2192 (decimal 8594)
   defining Unicode char U+2193 (decimal 8595)
   defining Unicode char U+2329 (decimal 9001)
   defining Unicode char U+232A (decimal 9002)
   defining Unicode char U+2422 (decimal 9250)
   defining Unicode char U+25E6 (decimal 9702)
   defining Unicode char U+25EF (decimal 9711)
   defining Unicode char U+266A (decimal 9834)
   defining Unicode char U+FEFF (decimal 65279)
))
LaTeX Info: Redefining \oldstylenums on input line 334.
Package textcomp Info: Setting cmr sub-encoding to TS1/0 on input line 349.
Package textcomp Info: Setting cmss sub-encoding to TS1/0 on input line 350.
Package textcomp Info: Setting cmtt sub-encoding to TS1/0 on input line 351.
Package textcomp Info: Setting cmvtt sub-encoding to TS1/0 on input line 352.
Package textcomp Info: Setting cmbr sub-encoding to TS1/0 on input line 353.
Package textcomp Info: Setting cmtl sub-encoding to TS1/0 on input line 354.
Package textcomp Info: Setting ccr sub-encoding to TS1/0 on input line 355.
Package textcomp Info: Setting ptm sub-encoding to TS1/4 on input line 356.
Package textcomp Info: Setting pcr sub-encoding to TS1/4 on input line 357.
Package textcomp Info: Setting phv sub-encoding to TS1/4 on input line 358.
Package textcomp Info: Setting ppl sub-encoding to TS1/3 on input line 359.
Package textcomp Info: Setting pag sub-encoding to TS1/4 on input line 360.
Package textcomp Info: Setting pbk sub-encoding to TS1/4 on input line 361.
Package textcomp Info: Setting pnc sub-encoding to TS1/4 on input line 362.
Package textcomp Info: Setting pzc sub-encoding to TS1/4 on input line 363.
Package textcomp Info: Setting bch sub-encoding to TS1/4 on input line 364.
Package textcomp Info: Setting put sub-encoding to TS1/5 on input line 365.
Package textcomp Info: Setting uag sub-encoding to TS1/5 on input line 366.
Package textcomp Info: Setting ugq sub-encoding to TS1/5 on input line 367.
Package textcomp Info: Setting ul8 sub-encoding to TS1/4 on input line 368.
Package textcomp Info: Setting ul9 sub-encoding to TS1/4 on input line 369.
Package textcomp Info: Setting augie sub-encoding to TS1/5 on input line 370.
Package textcomp Info: Setting dayrom sub-encoding to TS1/3 on input line 371.
Package textcomp Info: Setting dayroms sub-encoding to TS1/3 on input line 372.

Package textcomp Info: Setting pxr sub-encoding to TS1/0 on input line 373.
Package textcomp Info: Setting pxss sub-encoding to TS1/0 on input line 374.
Package textcomp Info: Setting pxtt sub-encoding to TS1/0 on input line 375.
Package textcomp Info: Setting txr sub-encoding to TS1/0 on input line 376.
Package textcomp Info: Setting txss sub-encoding to TS1/0 on input line 377.
Package textcomp Info: Setting txtt sub-encoding to TS1/0 on input line 378.
Package textcomp Info: Setting lmr sub-encoding to TS1/0 on input line 379.
Package textcomp Info: Setting lmdh sub-encoding to TS1/0 on input line 380.
Package textcomp Info: Setting lmss sub-encoding to TS1/0 on input line 381.
Package textcomp Info: Setting lmssq sub-encoding to TS1/0 on input line 382.
Package textcomp Info: Setting lmvtt sub-encoding to TS1/0 on input line 383.
Package textcomp Info: Setting lmtt sub-encoding to TS1/0 on input line 384.
Package textcomp Info: Setting qhv sub-encoding to TS1/0 on input line 385.
Package textcomp Info: Setting qag sub-encoding to TS1/0 on input line 386.
Package textcomp Info: Setting qbk sub-encoding to TS1/0 on input line 387.
Package textcomp Info: Setting qcr sub-encoding to TS1/0 on input line 388.
Package textcomp Info: Setting qcs sub-encoding to TS1/0 on input line 389.
Package textcomp Info: Setting qpl sub-encoding to TS1/0 on input line 390.
Package textcomp Info: Setting qtm sub-encoding to TS1/0 on input line 391.
Package textcomp Info: Setting qzc sub-encoding to TS1/0 on input line 392.
Package textcomp Info: Setting qhvc sub-encoding to TS1/0 on input line 393.
Package textcomp Info: Setting futs sub-encoding to TS1/4 on input line 394.
Package textcomp Info: Setting futx sub-encoding to TS1/4 on input line 395.
Package textcomp Info: Setting futj sub-encoding to TS1/4 on input line 396.
Package textcomp Info: Setting hlh sub-encoding to TS1/3 on input line 397.
Package textcomp Info: Setting hls sub-encoding to TS1/3 on input line 398.
Package textcomp Info: Setting hlst sub-encoding to TS1/3 on input line 399.
Package textcomp Info: Setting hlct sub-encoding to TS1/5 on input line 400.
Package textcomp Info: Setting hlx sub-encoding to TS1/5 on input line 401.
Package textcomp Info: Setting hlce sub-encoding to TS1/5 on input line 402.
Package textcomp Info: Setting hlcn sub-encoding to TS1/5 on input line 403.
Package textcomp Info: Setting hlcw sub-encoding to TS1/5 on input line 404.
Package textcomp Info: Setting hlcf sub-encoding to TS1/5 on input line 405.
Package textcomp Info: Setting pplx sub-encoding to TS1/3 on input line 406.
Package textcomp Info: Setting pplj sub-encoding to TS1/3 on input line 407.
Package textcomp Info: Setting ptmx sub-encoding to TS1/4 on input line 408.
Package textcomp Info: Setting ptmj sub-encoding to TS1/4 on input line 409.
)
(/Users/sahil_lalwani/Library/TinyTeX/texmf-dist/tex/latex/base/fontenc.sty
Package: fontenc 2018/08/11 v2.0j Standard LaTeX package

(/Users/sahil_lalwani/Library/TinyTeX/texmf-dist/tex/latex/base/t1enc.def
File: t1enc.def 2018/08/11 v2.0j Standard LaTeX file
LaTeX Font Info:    Redeclaring font encoding T1 on input line 48.
))
(/Users/sahil_lalwani/Library/TinyTeX/texmf-dist/tex/latex/ae/ae.sty
Package: ae 2001/02/12 1.3 Almost European Computer Modern

(/Users/sahil_lalwani/Library/TinyTeX/texmf-dist/tex/latex/base/fontenc.sty
Package: fontenc 2018/08/11 v2.0j Standard LaTeX package

(/Users/sahil_lalwani/Library/TinyTeX/texmf-dist/tex/latex/base/t1enc.def
File: t1enc.def 2018/08/11 v2.0j Standard LaTeX file
LaTeX Font Info:    Redeclaring font encoding T1 on input line 48.
)
LaTeX Font Info:    Try loading font information for T1+aer on input line 105.

(/Users/sahil_lalwani/Library/TinyTeX/texmf-dist/tex/latex/ae/t1aer.fd
File: t1aer.fd 1997/11/16 Font definitions for T1/aer.
))))
(./part2.aux

LaTeX Warning: Label `Fig:Plot1' multiply defined.


LaTeX Warning: Label `Fig:Plot1' multiply defined.


LaTeX Warning: Label `Fig:Plot1' multiply defined.


LaTeX Warning: Label `Fig:Plot1' multiply defined.


LaTeX Warning: Label `Fig:Plot1' multiply defined.


LaTeX Warning: Label `Fig:Plot1' multiply defined.


LaTeX Warning: Label `Fig:plot1' multiply defined.


LaTeX Warning: Label `Fig:plot1' multiply defined.


LaTeX Warning: Label `Fig:plot1' multiply defined.

)
\openout1 = `part2.aux'.

LaTeX Font Info:    Checking defaults for OML/cmm/m/it on input line 19.
LaTeX Font Info:    ... okay on input line 19.
LaTeX Font Info:    Checking defaults for T1/cmr/m/n on input line 19.
LaTeX Font Info:    ... okay on input line 19.
LaTeX Font Info:    Checking defaults for OT1/cmr/m/n on input line 19.
LaTeX Font Info:    ... okay on input line 19.
LaTeX Font Info:    Checking defaults for OMS/cmsy/m/n on input line 19.
LaTeX Font Info:    ... okay on input line 19.
LaTeX Font Info:    Checking defaults for OMX/cmex/m/n on input line 19.
LaTeX Font Info:    ... okay on input line 19.
LaTeX Font Info:    Checking defaults for U/cmr/m/n on input line 19.
LaTeX Font Info:    ... okay on input line 19.
LaTeX Font Info:    Checking defaults for TS1/cmr/m/n on input line 19.
LaTeX Font Info:    Try loading font information for TS1+cmr on input line 19.
 (/Users/sahil_lalwani/Library/TinyTeX/texmf-dist/tex/latex/base/ts1cmr.fd
File: ts1cmr.fd 2014/09/29 v2.5h Standard LaTeX font definitions
)
LaTeX Font Info:    ... okay on input line 19.

*geometry* driver: auto-detecting
*geometry* detected driver: pdftex
*geometry* verbose mode - [ preamble ] result:
* driver: pdftex
* paper: <default>
* layout: <same size as paper>
* layoutoffset:(h,v)=(0.0pt,0.0pt)
* modes: 
* h-part:(L,W,R)=(72.26999pt, 469.75502pt, 72.26999pt)
* v-part:(T,H,B)=(72.26999pt, 650.43001pt, 72.26999pt)
* \paperwidth=614.295pt
* \paperheight=794.96999pt
* \textwidth=469.75502pt
* \textheight=650.43001pt
* \oddsidemargin=0.0pt
* \evensidemargin=0.0pt
* \topmargin=-37.0pt
* \headheight=12.0pt
* \headsep=25.0pt
* \topskip=10.0pt
* \footskip=30.0pt
* \marginparwidth=65.0pt
* \marginparsep=11.0pt
* \columnsep=10.0pt
* \skip\footins=9.0pt plus 4.0pt minus 2.0pt
* \hoffset=0.0pt
* \voffset=0.0pt
* \mag=1000
* \@twocolumnfalse
* \@twosidefalse
* \@mparswitchfalse
* \@reversemarginfalse
* (1in=72.27pt=25.4mm, 1cm=28.453pt)


(/Users/sahil_lalwani/Library/TinyTeX/texmf-dist/tex/latex/oberdiek/epstopdf-ba
se.sty
Package: epstopdf-base 2016/05/15 v2.6 Base part for package epstopdf

(/Users/sahil_lalwani/Library/TinyTeX/texmf-dist/tex/generic/oberdiek/infwarerr
.sty
Package: infwarerr 2016/05/16 v1.4 Providing info/warning/error messages (HO)
)
(/Users/sahil_lalwani/Library/TinyTeX/texmf-dist/tex/latex/oberdiek/grfext.sty
Package: grfext 2016/05/16 v1.2 Manage graphics extensions (HO)

(/Users/sahil_lalwani/Library/TinyTeX/texmf-dist/tex/generic/oberdiek/kvdefinek
eys.sty
Package: kvdefinekeys 2016/05/16 v1.4 Define keys (HO)

(/Users/sahil_lalwani/Library/TinyTeX/texmf-dist/tex/generic/oberdiek/ltxcmds.s
ty
Package: ltxcmds 2016/05/16 v1.23 LaTeX kernel commands for general use (HO)
)))
(/Users/sahil_lalwani/Library/TinyTeX/texmf-dist/tex/latex/oberdiek/kvoptions.s
ty
Package: kvoptions 2016/05/16 v3.12 Key value format for package options (HO)

(/Users/sahil_lalwani/Library/TinyTeX/texmf-dist/tex/generic/oberdiek/kvsetkeys
.sty
Package: kvsetkeys 2016/05/16 v1.17 Key value parser (HO)

(/Users/sahil_lalwani/Library/TinyTeX/texmf-dist/tex/generic/oberdiek/etexcmds.
sty
Package: etexcmds 2016/05/16 v1.6 Avoid name clashes with e-TeX commands (HO)

(/Users/sahil_lalwani/Library/TinyTeX/texmf-dist/tex/generic/oberdiek/ifluatex.
sty
Package: ifluatex 2016/05/16 v1.4 Provides the ifluatex switch (HO)
Package ifluatex Info: LuaTeX not detected.
))))
(/Users/sahil_lalwani/Library/TinyTeX/texmf-dist/tex/generic/oberdiek/pdftexcmd
s.sty
Package: pdftexcmds 2019/07/25 v0.30 Utility functions of pdfTeX for LuaTeX (HO
)
Package pdftexcmds Info: LuaTeX not detected.
Package pdftexcmds Info: \pdf@primitive is available.
Package pdftexcmds Info: \pdf@ifprimitive is available.
Package pdftexcmds Info: \pdfdraftmode found.
)
Package epstopdf-base Info: Redefining graphics rule for `.eps' on input line 4
38.
Package grfext Info: Graphics extension search list:
(grfext)             [.pdf,.png,.jpg,.mps,.jpeg,.jbig2,.jb2,.PDF,.PNG,.JPG,.JPE
G,.JBIG2,.JB2,.eps]
(grfext)             \AppendGraphicsExtensions on input line 456.

(/Users/sahil_lalwani/Library/TinyTeX/texmf-dist/tex/latex/latexconfig/epstopdf
-sys.cfg
File: epstopdf-sys.cfg 2010/07/13 v1.3 Configuration of (r)epstopdf for TeX Liv
e
)) (./part2-concordance.tex)
Underfull \hbox (badness 10000) in paragraph at lines 22--24

 []

LaTeX Font Info:    Try loading font information for T1+aess on input line 24.
(/Users/sahil_lalwani/Library/TinyTeX/texmf-dist/tex/latex/ae/t1aess.fd
File: t1aess.fd 1997/11/16 Font definitions for T1/aess.
)
LaTeX Font Info:    Try loading font information for T1+aett on input line 26.

(/Users/sahil_lalwani/Library/TinyTeX/texmf-dist/tex/latex/ae/t1aett.fd
File: t1aett.fd 1997/11/16 Font definitions for T1/aett.
)
Underfull \hbox (badness 10000) in paragraph at lines 32--33

 []


Underfull \hbox (badness 10000) in paragraph at lines 34--35

 []


Underfull \hbox (badness 10000) in paragraph at lines 36--37

 []

LaTeX Font Info:    Try loading font information for TS1+aer on input line 41.
(/Library/Frameworks/R.framework/Resources/share/texmf/tex/latex/ts1aer.fd
File: ts1aer.fd 
)
LaTeX Font Info:    Font shape `TS1/aer/m/n' in size <10> not available
(Font)              Font shape `TS1/cmr/m/n' tried instead on input line 41.

[1

{/Users/sahil_lalwani/Library/TinyTeX/texmf-var/fonts/map/pdftex/updmap/pdftex.
map}]
Underfull \hbox (badness 10000) in paragraph at lines 66--67

 []


Underfull \hbox (badness 10000) in paragraph at lines 68--69

 []


Overfull \hbox (4.00085pt too wide) in paragraph at lines 70--71
[]\T1/aer/m/n/10 Thus, it seems ap-pro-pri-ate to cat-e-go-rize the re-cy-cling
 sta-tus of these 274 house-holds as level 3 (\T1/aer/bx/n/10 Recycle\T1/aer/m/
n/10 =3)
 []

[2]
LaTeX Font Info:    Try loading font information for U+msa on input line 120.
 (/Users/sahil_lalwani/Library/TinyTeX/texmf-dist/tex/latex/amsfonts/umsa.fd
File: umsa.fd 2013/01/14 v3.01 AMS symbols A
)
LaTeX Font Info:    Try loading font information for U+msb on input line 120.
 (/Users/sahil_lalwani/Library/TinyTeX/texmf-dist/tex/latex/amsfonts/umsb.fd
File: umsb.fd 2013/01/14 v3.01 AMS symbols B
)
[3]
Underfull \hbox (badness 10000) in paragraph at lines 213--214

 []


Underfull \hbox (badness 10000) in paragraph at lines 215--216

 []


Underfull \hbox (badness 10000) in paragraph at lines 217--218

 []

<part2-008.pdf, id=21, 578.16pt x 361.35pt>
File: part2-008.pdf Graphic file (type pdf)
<use part2-008.pdf>
Package pdftex.def Info: part2-008.pdf  used on input line 221.
(pdftex.def)             Requested size: 375.80544pt x 234.87471pt.
[4]
Underfull \hbox (badness 10000) in paragraph at lines 225--226

 []


Underfull \hbox (badness 10000) in paragraph at lines 238--239

 []


Underfull \hbox (badness 10000) in paragraph at lines 240--241

 []


Underfull \hbox (badness 10000) in paragraph at lines 242--243

 []


Underfull \hbox (badness 10000) in paragraph at lines 246--247

 []


Underfull \hbox (badness 10000) in paragraph at lines 248--249

 []

[5 <./part2-008.pdf>]
Underfull \hbox (badness 10000) in paragraph at lines 279--280

 []


Underfull \hbox (badness 10000) in paragraph at lines 281--282

 []


Underfull \hbox (badness 10000) in paragraph at lines 283--284

 []

[6]
<part2-012.pdf, id=42, 578.16pt x 361.35pt>
File: part2-012.pdf Graphic file (type pdf)
<use part2-012.pdf>
Package pdftex.def Info: part2-012.pdf  used on input line 316.
(pdftex.def)             Requested size: 375.80544pt x 234.87471pt.

Underfull \hbox (badness 10000) in paragraph at lines 322--323

 []


Underfull \hbox (badness 10000) in paragraph at lines 324--325

 []

[7 <./part2-012.pdf>]
<part2-015.pdf, id=53, 578.16pt x 361.35pt>
File: part2-015.pdf Graphic file (type pdf)
<use part2-015.pdf>
Package pdftex.def Info: part2-015.pdf  used on input line 374.
(pdftex.def)             Requested size: 375.80544pt x 234.87471pt.

Underfull \hbox (badness 10000) in paragraph at lines 381--382

 []

[8 <./part2-015.pdf>]
Underfull \hbox (badness 10000) in paragraph at lines 383--384

 []


Underfull \hbox (badness 10000) in paragraph at lines 385--386

 []


Underfull \hbox (badness 10000) in paragraph at lines 419--420

 []


Underfull \hbox (badness 10000) in paragraph at lines 421--424

 []


Underfull \hbox (badness 10000) in paragraph at lines 425--429

 []

[9]
LaTeX Font Info:    Try loading font information for TS1+aett on input line 472
.
 (/Library/Frameworks/R.framework/Resources/share/texmf/tex/latex/ts1aett.fd
File: ts1aett.fd 
)
LaTeX Font Info:    Try loading font information for TS1+cmtt on input line 472
.
 (/Users/sahil_lalwani/Library/TinyTeX/texmf-dist/tex/latex/base/ts1cmtt.fd
File: ts1cmtt.fd 2014/09/29 v2.5h Standard LaTeX font definitions
)
LaTeX Font Info:    Font shape `TS1/aett/m/n' in size <10> not available
(Font)              Font shape `TS1/cmtt/m/n' tried instead on input line 472.

[10]
Underfull \hbox (badness 10000) in paragraph at lines 510--511

 []


Underfull \hbox (badness 10000) in paragraph at lines 512--513

 []


Underfull \hbox (badness 10000) in paragraph at lines 514--515

 []


Underfull \hbox (badness 10000) in paragraph at lines 516--517

 []


Underfull \hbox (badness 10000) in paragraph at lines 518--519

 []


Underfull \hbox (badness 10000) in paragraph at lines 520--521

 []


Underfull \hbox (badness 10000) in paragraph at lines 524--525

 []


Underfull \hbox (badness 10000) in paragraph at lines 528--529

 []


Underfull \hbox (badness 10000) in paragraph at lines 553--554

 []

[11]
Underfull \hbox (badness 10000) in paragraph at lines 555--556

 []


Underfull \hbox (badness 10000) in paragraph at lines 561--562

 []


Underfull \hbox (badness 10000) in paragraph at lines 565--566

 []


Underfull \hbox (badness 10000) in paragraph at lines 590--591

 []


Underfull \hbox (badness 10000) in paragraph at lines 592--593

 []


Underfull \hbox (badness 10000) in paragraph at lines 598--599

 []


Underfull \hbox (badness 10000) in paragraph at lines 602--603

 []

[12]
Underfull \hbox (badness 10000) in paragraph at lines 629--630

 []


Underfull \hbox (badness 10000) in paragraph at lines 635--636

 []


Underfull \hbox (badness 10000) in paragraph at lines 639--640

 []


Underfull \hbox (badness 10000) in paragraph at lines 664--665

 []

[13]
Underfull \hbox (badness 10000) in paragraph at lines 666--667

 []


Underfull \hbox (badness 10000) in paragraph at lines 668--669

 []


Underfull \hbox (badness 10000) in paragraph at lines 670--671

 []


Underfull \hbox (badness 10000) in paragraph at lines 672--673

 []

[14]
<part2-026.pdf, id=84, 578.16pt x 361.35pt>
File: part2-026.pdf Graphic file (type pdf)
<use part2-026.pdf>
Package pdftex.def Info: part2-026.pdf  used on input line 716.
(pdftex.def)             Requested size: 375.80544pt x 234.87471pt.

Underfull \hbox (badness 10000) in paragraph at lines 723--724

 []


Underfull \hbox (badness 10000) in paragraph at lines 727--728

 []

[15 <./part2-026.pdf>]
Underfull \hbox (badness 10000) in paragraph at lines 754--755

 []


Underfull \hbox (badness 10000) in paragraph at lines 756--759

 []


Underfull \hbox (badness 10000) in paragraph at lines 760--763

 []


Underfull \hbox (badness 10000) in paragraph at lines 764--766

 []


Underfull \hbox (badness 10000) in paragraph at lines 794--795

 []


Underfull \hbox (badness 10000) in paragraph at lines 796--797

 []

[16]
Underfull \hbox (badness 10000) in paragraph at lines 812--813

 []


Underfull \hbox (badness 10000) in paragraph at lines 814--815

 []


Underfull \hbox (badness 10000) in paragraph at lines 816--817

 []


Underfull \hbox (badness 10000) in paragraph at lines 818--819

 []


Underfull \hbox (badness 10000) in paragraph at lines 820--821

 []


Overfull \hbox (21.159pt too wide) in paragraph at lines 834--845
 [][] 
 []

[17]
<part2-032.pdf, id=99, 578.16pt x 361.35pt>
File: part2-032.pdf Graphic file (type pdf)
<use part2-032.pdf>
Package pdftex.def Info: part2-032.pdf  used on input line 872.
(pdftex.def)             Requested size: 375.80544pt x 234.87471pt.

Underfull \hbox (badness 10000) in paragraph at lines 879--880

 []


Underfull \hbox (badness 10000) in paragraph at lines 883--884

 []


Underfull \hbox (badness 10000) in paragraph at lines 885--886

 []


Underfull \hbox (badness 10000) in paragraph at lines 887--888

 []


Underfull \hbox (badness 10000) in paragraph at lines 889--890

 []

[18 <./part2-032.pdf>]
Underfull \hbox (badness 10000) in paragraph at lines 893--894

 []


Underfull \hbox (badness 10000) in paragraph at lines 897--898

 []


Underfull \hbox (badness 10000) in paragraph at lines 924--925

 []


Underfull \hbox (badness 10000) in paragraph at lines 926--929

 []


Underfull \hbox (badness 10000) in paragraph at lines 930--934

 []

[19]
Overfull \hbox (21.159pt too wide) in paragraph at lines 957--968
 [][] 
 []


Underfull \hbox (badness 10000) in paragraph at lines 987--988

 []


Underfull \hbox (badness 10000) in paragraph at lines 1012--1013

 []


Underfull \hbox (badness 10000) in paragraph at lines 1014--1015

 []

[20]
Underfull \hbox (badness 10000) in paragraph at lines 1020--1021

 []


Underfull \hbox (badness 10000) in paragraph at lines 1022--1023

 []


Underfull \hbox (badness 10000) in paragraph at lines 1028--1029

 []


Underfull \hbox (badness 10000) in paragraph at lines 1032--1033

 []


Underfull \hbox (badness 10000) in paragraph at lines 1057--1058

 []


Underfull \hbox (badness 10000) in paragraph at lines 1059--1060

 []


Underfull \hbox (badness 10000) in paragraph at lines 1065--1066

 []


Underfull \hbox (badness 10000) in paragraph at lines 1069--1070

 []

[21]
Underfull \hbox (badness 10000) in paragraph at lines 1094--1095

 []


Underfull \hbox (badness 10000) in paragraph at lines 1096--1097

 []


Underfull \hbox (badness 10000) in paragraph at lines 1098--1099

 []


Underfull \hbox (badness 10000) in paragraph at lines 1102--1103

 []


Underfull \hbox (badness 10000) in paragraph at lines 1104--1105

 []


Underfull \hbox (badness 10000) in paragraph at lines 1108--1109

 []


Underfull \hbox (badness 10000) in paragraph at lines 1110--1111

 []

[22]
Underfull \hbox (badness 10000) in paragraph at lines 1112--1113

 []


Underfull \hbox (badness 10000) in paragraph at lines 1114--1115

 []

[23]
<LawnCareRecycle.png, id=124, 803.0pt x 501.875pt>
File: LawnCareRecycle.png Graphic file (type png)
<use LawnCareRecycle.png>
Package pdftex.def Info: LawnCareRecycle.png  used on input line 1230.
(pdftex.def)             Requested size: 1605.9961pt x 1003.74753pt.
 [24]
Underfull \hbox (badness 10000) in paragraph at lines 1236--1237

 []


Underfull \hbox (badness 10000) in paragraph at lines 1238--1239

 []


Underfull \hbox (badness 10000) in paragraph at lines 1240--1241

 []


Underfull \hbox (badness 10000) in paragraph at lines 1242--1243

 []


Underfull \hbox (badness 10000) in paragraph at lines 1250--1251

 []


Underfull \hbox (badness 10000) in paragraph at lines 1254--1255

 []

[25 <./LawnCareRecycle.png>]
Underfull \hbox (badness 10000) in paragraph at lines 1300--1303

 []


Underfull \hbox (badness 10000) in paragraph at lines 1304--1307

 []


Underfull \hbox (badness 10000) in paragraph at lines 1308--1310

 []

[26]
Overfull \hbox (4.13148pt too wide) in paragraph at lines 1337--1358
 [][] 
 []


Underfull \hbox (badness 10000) in paragraph at lines 1377--1378

 []

[27]
Underfull \hbox (badness 10000) in paragraph at lines 1402--1403

 []


Underfull \hbox (badness 10000) in paragraph at lines 1404--1405

 []


Underfull \hbox (badness 10000) in paragraph at lines 1408--1409

 []

[28]
Underfull \hbox (badness 10000) in paragraph at lines 1516--1517

 []


Underfull \hbox (badness 10000) in paragraph at lines 1518--1519

 []

[29]
Underfull \hbox (badness 10000) in paragraph at lines 1524--1525

 []


Underfull \hbox (badness 10000) in paragraph at lines 1528--1529

 []


Underfull \hbox (badness 10000) in paragraph at lines 1574--1577

 []

[30]
Underfull \hbox (badness 10000) in paragraph at lines 1578--1581

 []


Underfull \hbox (badness 10000) in paragraph at lines 1582--1584

 []


Underfull \hbox (badness 10000) in paragraph at lines 1646--1647

 []

[31]
Underfull \hbox (badness 10000) in paragraph at lines 1648--1649

 []


Underfull \hbox (badness 10000) in paragraph at lines 1650--1651

 []

[32]
<LawnCareGarden.png, id=156, 863.225pt x 552.0625pt>
File: LawnCareGarden.png Graphic file (type png)
<use LawnCareGarden.png>
Package pdftex.def Info: LawnCareGarden.png  used on input line 1749.
(pdftex.def)             Requested size: 1726.4458pt x 1104.12228pt.

Underfull \hbox (badness 10000) in paragraph at lines 1755--1756

 []

[33 <./LawnCareGarden.png>]
Underfull \hbox (badness 10000) in paragraph at lines 1757--1758

 []


Underfull \hbox (badness 10000) in paragraph at lines 1765--1766

 []


Underfull \hbox (badness 10000) in paragraph at lines 1769--1770

 []


Underfull \hbox (badness 10000) in paragraph at lines 1806--1809

 []

[34]
Underfull \hbox (badness 10000) in paragraph at lines 1810--1813

 []


Underfull \hbox (badness 10000) in paragraph at lines 1814--1816

 []


Overfull \hbox (4.54167pt too wide) in paragraph at lines 1836--1852
 [][] 
 []


Underfull \hbox (badness 10000) in paragraph at lines 1871--1872

 []


Underfull \hbox (badness 10000) in paragraph at lines 1875--1876

 []


Underfull \hbox (badness 10000) in paragraph at lines 1879--1880

 []

[35]
Underfull \hbox (badness 10000) in paragraph at lines 1916--1919

 []


Underfull \hbox (badness 10000) in paragraph at lines 1920--1923

 []


Underfull \hbox (badness 10000) in paragraph at lines 1924--1926

 []

[36]
Overfull \hbox (41.53922pt too wide) in paragraph at lines 2008--2034
 [][] 
 []

[37]
<RecycleGarden_final.png, id=174, 1003.75pt x 552.0625pt>
File: RecycleGarden_final.png Graphic file (type png)
<use RecycleGarden_final.png>
Package pdftex.def Info: RecycleGarden_final.png  used on input line 2086.
(pdftex.def)             Requested size: 2007.49512pt x 1104.12228pt.
 [38]
Underfull \hbox (badness 10000) in paragraph at lines 2092--2093

 []


Underfull \hbox (badness 10000) in paragraph at lines 2094--2095

 []


Underfull \hbox (badness 10000) in paragraph at lines 2102--2103

 []


Underfull \hbox (badness 10000) in paragraph at lines 2106--2107

 []

[39 <./RecycleGarden_final.png>]
Underfull \hbox (badness 10000) in paragraph at lines 2139--2142

 []


Underfull \hbox (badness 10000) in paragraph at lines 2143--2146

 []


Underfull \hbox (badness 10000) in paragraph at lines 2147--2149

 []


Overfull \hbox (41.53922pt too wide) in paragraph at lines 2169--2186
 [][] 
 []

[40]
Underfull \hbox (badness 10000) in paragraph at lines 2205--2206

 []


Underfull \hbox (badness 10000) in paragraph at lines 2228--2229

 []

[41]
Underfull \hbox (badness 10000) in paragraph at lines 2282--2283

 []


Underfull \hbox (badness 10000) in paragraph at lines 2306--2307

 []


Underfull \hbox (badness 10000) in paragraph at lines 2310--2311

 []


Underfull \hbox (badness 10000) in paragraph at lines 2314--2315

 []

[42]
Underfull \hbox (badness 10000) in paragraph at lines 2347--2350

 []


Underfull \hbox (badness 10000) in paragraph at lines 2351--2354

 []


Underfull \hbox (badness 10000) in paragraph at lines 2355--2357

 []


Overfull \hbox (41.53922pt too wide) in paragraph at lines 2377--2394
 [][] 
 []

[43]
Underfull \hbox (badness 10000) in paragraph at lines 2416--2417

 []


Underfull \hbox (badness 10000) in paragraph at lines 2418--2419

 []

[44]
<part2-074.pdf, id=199, 578.16pt x 361.35pt>
File: part2-074.pdf Graphic file (type pdf)
<use part2-074.pdf>
Package pdftex.def Info: part2-074.pdf  used on input line 2521.
(pdftex.def)             Requested size: 375.80544pt x 234.87471pt.
 [45]
Underfull \hbox (badness 10000) in paragraph at lines 2527--2528

 []


Underfull \hbox (badness 10000) in paragraph at lines 2529--2530

 []


Underfull \hbox (badness 10000) in paragraph at lines 2541--2542

 []


Underfull \hbox (badness 10000) in paragraph at lines 2549--2550

 []


Underfull \hbox (badness 10000) in paragraph at lines 2553--2554

 []

[46 <./part2-074.pdf>]
Underfull \hbox (badness 10000) in paragraph at lines 2555--2556

 []


Underfull \hbox (badness 10000) in paragraph at lines 2572--2573

 []


Underfull \hbox (badness 10000) in paragraph at lines 2613--2614

 []


Underfull \hbox (badness 10000) in paragraph at lines 2615--2616

 []


Underfull \hbox (badness 10000) in paragraph at lines 2617--2618

 []

[47] [48]
<part2-080.pdf, id=220, 578.16pt x 361.35pt>
File: part2-080.pdf Graphic file (type pdf)
<use part2-080.pdf>
Package pdftex.def Info: part2-080.pdf  used on input line 2702.
(pdftex.def)             Requested size: 375.80544pt x 234.87471pt.

Underfull \hbox (badness 10000) in paragraph at lines 2708--2709

 []


Underfull \hbox (badness 10000) in paragraph at lines 2710--2711

 []


Underfull \hbox (badness 10000) in paragraph at lines 2722--2723

 []


Underfull \hbox (badness 10000) in paragraph at lines 2726--2727

 []

[49 <./part2-080.pdf>]
Underfull \hbox (badness 10000) in paragraph at lines 2730--2731

 []


Underfull \hbox (badness 10000) in paragraph at lines 2732--2733

 []


Underfull \hbox (badness 10000) in paragraph at lines 2749--2750

 []


Underfull \hbox (badness 10000) in paragraph at lines 2768--2769

 []


Underfull \hbox (badness 10000) in paragraph at lines 2770--2771

 []

[50]
<part2-085.pdf, id=236, 578.16pt x 361.35pt>
File: part2-085.pdf Graphic file (type pdf)
<use part2-085.pdf>
Package pdftex.def Info: part2-085.pdf  used on input line 2863.
(pdftex.def)             Requested size: 375.80544pt x 234.87471pt.
 [51]
Underfull \hbox (badness 10000) in paragraph at lines 2869--2870

 []


Underfull \hbox (badness 10000) in paragraph at lines 2871--2872

 []


Underfull \hbox (badness 10000) in paragraph at lines 2873--2874

 []


Underfull \hbox (badness 10000) in paragraph at lines 2885--2886

 []


Underfull \hbox (badness 10000) in paragraph at lines 2891--2892

 []


Underfull \hbox (badness 10000) in paragraph at lines 2895--2896

 []

[52 <./part2-085.pdf>]
Underfull \hbox (badness 10000) in paragraph at lines 2897--2898

 []


Underfull \hbox (badness 10000) in paragraph at lines 2935--2936

 []


Underfull \hbox (badness 10000) in paragraph at lines 2937--2938

 []


Underfull \hbox (badness 10000) in paragraph at lines 2939--2940

 []


Underfull \hbox (badness 10000) in paragraph at lines 2958--2959

 []

[53]
Underfull \hbox (badness 10000) in paragraph at lines 2960--2961

 []


Underfull \hbox (badness 10000) in paragraph at lines 2964--2965

 []


Underfull \hbox (badness 10000) in paragraph at lines 2966--2967

 []


Underfull \hbox (badness 10000) in paragraph at lines 2970--2971

 []


Underfull \hbox (badness 10000) in paragraph at lines 2972--2973

 []


Underfull \hbox (badness 10000) in paragraph at lines 2974--2975

 []

[54]
Underfull \hbox (badness 10000) in paragraph at lines 2990--2992

 []

(./part2.bbl) [55] (./part2.aux)

LaTeX Warning: There were multiply-defined labels.

 ) 
Here is how much of TeX's memory you used:
 4465 strings out of 494553
 66943 string characters out of 6174236
 136103 words of memory out of 5000000
 7991 multiletter control sequences out of 15000+600000
 25756 words of font info for 55 fonts, out of 8000000 for 9000
 14 hyphenation exceptions out of 8191
 41i,16n,32p,784b,316s stack positions out of 5000i,500n,10000p,200000b,80000s
 </Users/sahil_lalwani/.TinyTeX/texmf-var/fonts/pk/ljfour/jknappen/ec/tctt100
0.600pk> </Users/sahil_lalwani/.TinyTeX/texmf-var/fonts/pk/ljfour/jknappen/ec/t
crm1000.600pk></Users/sahil_lalwani/Library/TinyTeX/texmf-dist/fonts/type1/publ
ic/amsfonts/cm/cmbx10.pfb></Users/sahil_lalwani/Library/TinyTeX/texmf-dist/font
s/type1/public/amsfonts/cm/cmbx12.pfb></Users/sahil_lalwani/Library/TinyTeX/tex
mf-dist/fonts/type1/public/amsfonts/cm/cmmi10.pfb></Users/sahil_lalwani/Library
/TinyTeX/texmf-dist/fonts/type1/public/amsfonts/cm/cmmi7.pfb></Users/sahil_lalw
ani/Library/TinyTeX/texmf-dist/fonts/type1/public/amsfonts/cm/cmr10.pfb></Users
/sahil_lalwani/Library/TinyTeX/texmf-dist/fonts/type1/public/amsfonts/cm/cmr7.p
fb></Users/sahil_lalwani/Library/TinyTeX/texmf-dist/fonts/type1/public/amsfonts
/cm/cmsltt10.pfb></Users/sahil_lalwani/Library/TinyTeX/texmf-dist/fonts/type1/p
ublic/amsfonts/cm/cmss8.pfb></Users/sahil_lalwani/Library/TinyTeX/texmf-dist/fo
nts/type1/public/amsfonts/cm/cmsy10.pfb></Users/sahil_lalwani/Library/TinyTeX/t
exmf-dist/fonts/type1/public/amsfonts/cm/cmti10.pfb></Users/sahil_lalwani/Libra
ry/TinyTeX/texmf-dist/fonts/type1/public/amsfonts/cm/cmtt10.pfb></Users/sahil_l
alwani/Library/TinyTeX/texmf-dist/fonts/type1/public/amsfonts/latxfont/line10.p
fb>
Output written on part2.pdf (55 pages, 623874 bytes).
PDF statistics:
 312 PDF objects out of 1000 (max. 8388607)
 215 compressed objects within 3 object streams
 0 named destinations out of 1000 (max. 500000)
 60 words of extra memory for PDF output out of 10000 (max. 10000000)

